[INFO] Scanning for projects...
[INFO] 
[INFO] ----------------------< com.example:cpn-backend >-----------------------
[INFO] Building cpn-backend 0.0.1-SNAPSHOT
[INFO]   from pom.xml
[INFO] --------------------------------[ jar ]---------------------------------
[INFO] 
[INFO] --- clean:3.5.0:clean (default-clean) @ cpn-backend ---
[INFO] Deleting C:\Users\sidk4\work_Docs\DW\cpn foods\cpn-backend\target
[INFO] 
[INFO] --- resources:3.3.1:resources (default-resources) @ cpn-backend ---
[INFO] Copying 1 resource from src\main\resources to target\classes
[INFO] Copying 0 resource from src\main\resources to target\classes
[INFO] 
[INFO] --- compiler:3.14.1:compile (default-compile) @ cpn-backend ---
[INFO] Recompiling the module because of changed source code.
[INFO] Compiling 10 source files with javac [debug parameters release 17] to target\classes
[INFO] -------------------------------------------------------------
[ERROR] COMPILATION ERROR : 
[INFO] -------------------------------------------------------------
[ERROR] /C:/Users/sidk4/work_Docs/DW/cpn foods/cpn-backend/src/main/java/com/cpn/backend/repository/ProductSpecification.java:[19,58] reference to where is ambiguous
  both method <T>where(org.springframework.data.jpa.domain.Specification<T>) in org.springframework.data.jpa.domain.Specification and method <T>where(org.springframework.data.jpa.domain.PredicateSpecification<T>) in org.springframework.data.jpa.domain.Specification match
[INFO] 1 error
[INFO] -------------------------------------------------------------
[INFO] ------------------------------------------------------------------------
[INFO] BUILD FAILURE
[INFO] ------------------------------------------------------------------------
[INFO] Total time:  3.067 s
[INFO] Finished at: 2026-03-28T12:51:19+05:30
[INFO] ------------------------------------------------------------------------
[ERROR] Failed to execute goal org.apache.maven.plugins:maven-compiler-plugin:3.14.1:compile (default-compile) on project cpn-backend: Compilation failure
[ERROR] /C:/Users/sidk4/work_Docs/DW/cpn foods/cpn-backend/src/main/java/com/cpn/backend/repository/ProductSpecification.java:[19,58] reference to where is ambiguous
[ERROR]   both method <T>where(org.springframework.data.jpa.domain.Specification<T>) in org.springframework.data.jpa.domain.Specification and method <T>where(org.springframework.data.jpa.domain.PredicateSpecification<T>) in org.springframework.data.jpa.domain.Specification match
[ERROR] 
[ERROR] -> [Help 1]
[ERROR] 
[ERROR] To see the full stack trace of the errors, re-run Maven with the -e switch.
[ERROR] Re-run Maven using the -X switch to enable full debug logging.
[ERROR] 
[ERROR] For more information about the errors and possible solutions, please read the following articles:
[ERROR] [Help 1] http://cwiki.apache.org/confluence/display/MAVEN/MojoFailureException
